# JRE version: OpenJDK Runtime Environment (21.0.6) (build 21.0.6+-13355223-b631.42)
# Java VM: OpenJDK 64-Bit Server VM (21.0.6+-13355223-b631.42, mixed mode, tiered, compressed oops, compressed class ptrs, g1 gc, windows-amd64)
GC Precious Log:
 CardTable entry size: 512
 Card Set container configuration: InlinePtr #cards 5 size 8 Array Of Cards #cards 12 size 40 Howl #buckets 4 coarsen threshold 1843 Howl Bitmap #cards 512 size 80 coarsen threshold 460 Card regions per heap region 1 cards per card region 2048
 CPUs: 4 total, 4 available
 Memory: 7834M
 Large Page Support: Disabled
 NUMA Support: Disabled
 Compressed Oops: Enabled (32-bit)
 Heap Region Size: 1M
 Heap Min Capacity: 8M
 Heap Initial Capacity: 124M
 Heap Max Capacity: 1960M
 Pre-touch: Disabled
 Parallel Workers: 4
 Concurrent Workers: 1
 Concurrent Refinement Workers: 4
 Periodic GC: Disabled
Heap:
 garbage-first heap   total 72704K, used 46337K [0x0000000085800000, 0x0000000100000000)
  region size 1024K, 4 young (4096K), 4 survivors (4096K)
 Metaspace       used 57507K, committed 58240K, reserved 1114112K
  class space    used 6660K, committed 7040K, reserved 1048576K
GC Heap History (20 events):
Event: 1.866 GC heap after
{Heap after GC invocations=5 (full 0):
 garbage-first heap   total 44032K, used 12147K [0x0000000085800000, 0x0000000100000000)
  region size 1024K, 6 young (6144K), 6 survivors (6144K)
 Metaspace       used 30116K, committed 30336K, reserved 1114112K
  class space    used 3614K, committed 3712K, reserved 1048576K
}
Event: 2.043 GC heap before
{Heap before GC invocations=5 (full 0):
 garbage-first heap   total 44032K, used 33651K [0x0000000085800000, 0x0000000100000000)
  region size 1024K, 25 young (25600K), 6 survivors (6144K)
 Metaspace       used 31543K, committed 31744K, reserved 1114112K
  class space    used 3948K, committed 4032K, reserved 1048576K
}
Event: 2.053 GC heap after
{Heap after GC invocations=6 (full 0):
 garbage-first heap   total 46080K, used 18594K [0x0000000085800000, 0x0000000100000000)
  region size 1024K, 4 young (4096K), 4 survivors (4096K)
 Metaspace       used 31543K, committed 31744K, reserved 1114112K
  class space    used 3948K, committed 4032K, reserved 1048576K
}
Event: 2.235 GC heap before
{Heap before GC invocations=6 (full 0):
 garbage-first heap   total 46080K, used 34978K [0x0000000085800000, 0x0000000100000000)
  region size 1024K, 21 young (21504K), 4 survivors (4096K)
 Metaspace       used 35618K, committed 35840K, reserved 1114112K
  class space    used 4382K, committed 4480K, reserved 1048576K
}
Event: 2.243 GC heap after
{Heap after GC invocations=7 (full 0):
 garbage-first heap   total 59392K, used 18432K [0x0000000085800000, 0x0000000100000000)
  region size 1024K, 2 young (2048K), 2 survivors (2048K)
 Metaspace       used 35618K, committed 35840K, reserved 1114112K
  class space    used 4382K, committed 4480K, reserved 1048576K
}
Event: 2.271 GC heap before
{Heap before GC invocations=7 (full 0):
 garbage-first heap   total 59392K, used 19456K [0x0000000085800000, 0x0000000100000000)
  region size 1024K, 4 young (4096K), 2 survivors (2048K)
 Metaspace       used 35910K, committed 36096K, reserved 1114112K
  class space    used 4411K, committed 4480K, reserved 1048576K
}
Event: 2.273 GC heap after
{Heap after GC invocations=8 (full 0):
 garbage-first heap   total 59392K, used 18421K [0x0000000085800000, 0x0000000100000000)
  region size 1024K, 2 young (2048K), 2 survivors (2048K)
 Metaspace       used 35910K, committed 36096K, reserved 1114112K
  class space    used 4411K, committed 4480K, reserved 1048576K
}
Event: 2.645 GC heap before
{Heap before GC invocations=9 (full 0):
 garbage-first heap   total 59392K, used 51189K [0x0000000085800000, 0x0000000100000000)
  region size 1024K, 34 young (34816K), 2 survivors (2048K)
 Metaspace       used 42356K, committed 42816K, reserved 1114112K
  class space    used 5061K, committed 5312K, reserved 1048576K
}
Event: 2.650 GC heap after
{Heap after GC invocations=10 (full 0):
 garbage-first heap   total 59392K, used 21704K [0x0000000085800000, 0x0000000100000000)
  region size 1024K, 5 young (5120K), 5 survivors (5120K)
 Metaspace       used 42356K, committed 42816K, reserved 1114112K
  class space    used 5061K, committed 5312K, reserved 1048576K
}
Event: 3.173 GC heap before
{Heap before GC invocations=10 (full 0):
 garbage-first heap   total 59392K, used 49352K [0x0000000085800000, 0x0000000100000000)
  region size 1024K, 32 young (32768K), 5 survivors (5120K)
 Metaspace       used 47887K, committed 48704K, reserved 1114112K
  class space    used 5741K, committed 6144K, reserved 1048576K
}
Event: 3.183 GC heap after
{Heap after GC invocations=11 (full 0):
 garbage-first heap   total 59392K, used 23843K [0x0000000085800000, 0x0000000100000000)
  region size 1024K, 3 young (3072K), 3 survivors (3072K)
 Metaspace       used 47887K, committed 48704K, reserved 1114112K
  class space    used 5741K, committed 6144K, reserved 1048576K
}
Event: 3.517 GC heap before
{Heap before GC invocations=11 (full 0):
 garbage-first heap   total 59392K, used 50467K [0x0000000085800000, 0x0000000100000000)
  region size 1024K, 29 young (29696K), 3 survivors (3072K)
 Metaspace       used 51237K, committed 51968K, reserved 1114112K
  class space    used 6087K, committed 6464K, reserved 1048576K
}
Event: 3.525 GC heap after
{Heap after GC invocations=12 (full 0):
 garbage-first heap   total 71680K, used 26915K [0x0000000085800000, 0x0000000100000000)
  region size 1024K, 4 young (4096K), 4 survivors (4096K)
 Metaspace       used 51237K, committed 51968K, reserved 1114112K
  class space    used 6087K, committed 6464K, reserved 1048576K
}
Event: 3.669 GC heap before
{Heap before GC invocations=12 (full 0):
 garbage-first heap   total 71680K, used 60707K [0x0000000085800000, 0x0000000100000000)
  region size 1024K, 36 young (36864K), 4 survivors (4096K)
 Metaspace       used 52114K, committed 52864K, reserved 1114112K
  class space    used 6165K, committed 6528K, reserved 1048576K
}
Event: 3.675 GC heap after
{Heap after GC invocations=13 (full 0):
 garbage-first heap   total 71680K, used 29184K [0x0000000085800000, 0x0000000100000000)
  region size 1024K, 2 young (2048K), 2 survivors (2048K)
 Metaspace       used 52114K, committed 52864K, reserved 1114112K
  class space    used 6165K, committed 6528K, reserved 1048576K
}
Event: 4.168 GC heap before
{Heap before GC invocations=13 (full 0):
 garbage-first heap   total 71680K, used 62976K [0x0000000085800000, 0x0000000100000000)
  region size 1024K, 33 young (33792K), 2 survivors (2048K)
 Metaspace       used 55411K, committed 56128K, reserved 1114112K
  class space    used 6523K, committed 6912K, reserved 1048576K
}
Event: 4.178 GC heap after
{Heap after GC invocations=14 (full 0):
 garbage-first heap   total 71680K, used 36507K [0x0000000085800000, 0x0000000100000000)
  region size 1024K, 5 young (5120K), 5 survivors (5120K)
 Metaspace       used 55411K, committed 56128K, reserved 1114112K
  class space    used 6523K, committed 6912K, reserved 1048576K
}
Event: 4.647 GC heap before
{Heap before GC invocations=14 (full 0):
 garbage-first heap   total 71680K, used 62107K [0x0000000085800000, 0x0000000100000000)
  region size 1024K, 30 young (30720K), 5 survivors (5120K)
 Metaspace       used 56709K, committed 57408K, reserved 1114112K
  class space    used 6583K, committed 6912K, reserved 1048576K
}
Event: 4.661 GC heap after
{Heap after GC invocations=15 (full 0):
 garbage-first heap   total 72704K, used 41882K [0x0000000085800000, 0x0000000100000000)
  region size 1024K, 4 young (4096K), 4 survivors (4096K)
 Metaspace       used 56709K, committed 57408K, reserved 1114112K
  class space    used 6583K, committed 6912K, reserved 1048576K
}
Event: 4.959 GC heap before
{Heap before GC invocations=15 (full 0):
 garbage-first heap   total 72704K, used 63386K [0x0000000085800000, 0x0000000100000000)
  region size 1024K, 25 young (25600K), 4 survivors (4096K)
 Metaspace       used 57507K, committed 58240K, reserved 1114112K
  class space    used 6660K, committed 7040K, reserved 1048576K
}

