# JRE version: OpenJDK Runtime Environment (21.0.6) (build 21.0.6+-13355223-b631.42)
# Java VM: OpenJDK 64-Bit Server VM (21.0.6+-13355223-b631.42, mixed mode, tiered, compressed oops, compressed class ptrs, g1 gc, windows-amd64)
GC Precious Log:
 CardTable entry size: 512
 Card Set container configuration: InlinePtr #cards 5 size 8 Array Of Cards #cards 12 size 40 Howl #buckets 4 coarsen threshold 1843 Howl Bitmap #cards 512 size 80 coarsen threshold 460 Card regions per heap region 1 cards per card region 2048
 CPUs: 4 total, 4 available
 Memory: 7834M
 Large Page Support: Disabled
 NUMA Support: Disabled
 Compressed Oops: Enabled (32-bit)
 Heap Region Size: 1M
 Heap Min Capacity: 8M
 Heap Initial Capacity: 124M
 Heap Max Capacity: 2G
 Pre-touch: Disabled
 Parallel Workers: 4
 Concurrent Workers: 1
 Concurrent Refinement Workers: 4
 Periodic GC: Disabled
Heap:
 garbage-first heap   total 373760K, used 257414K [0x0000000080000000, 0x0000000100000000)
  region size 1024K, 40 young (40960K), 5 survivors (5120K)
 Metaspace       used 125767K, committed 128128K, reserved 1179648K
  class space    used 17010K, committed 18176K, reserved 1048576K
GC Heap History (20 events):
Event: 17.278 GC heap before
{Heap before GC invocations=37 (full 0):
 garbage-first heap   total 168960K, used 151221K [0x0000000080000000, 0x0000000100000000)
  region size 1024K, 56 young (57344K), 7 survivors (7168K)
 Metaspace       used 111536K, committed 113728K, reserved 1179648K
  class space    used 15205K, committed 16320K, reserved 1048576K
}
Event: 17.289 GC heap after
{Heap after GC invocations=38 (full 0):
 garbage-first heap   total 168960K, used 102930K [0x0000000080000000, 0x0000000100000000)
  region size 1024K, 6 young (6144K), 6 survivors (6144K)
 Metaspace       used 111536K, committed 113728K, reserved 1179648K
  class space    used 15205K, committed 16320K, reserved 1048576K
}
Event: 17.577 GC heap before
{Heap before GC invocations=38 (full 0):
 garbage-first heap   total 168960K, used 127506K [0x0000000080000000, 0x0000000100000000)
  region size 1024K, 32 young (32768K), 6 survivors (6144K)
 Metaspace       used 113187K, committed 115392K, reserved 1179648K
  class space    used 15341K, committed 16448K, reserved 1048576K
}
Event: 17.586 GC heap after
{Heap after GC invocations=39 (full 0):
 garbage-first heap   total 202752K, used 107962K [0x0000000080000000, 0x0000000100000000)
  region size 1024K, 7 young (7168K), 7 survivors (7168K)
 Metaspace       used 113187K, committed 115392K, reserved 1179648K
  class space    used 15341K, committed 16448K, reserved 1048576K
}
Event: 17.587 GC heap before
{Heap before GC invocations=39 (full 0):
 garbage-first heap   total 202752K, used 108986K [0x0000000080000000, 0x0000000100000000)
  region size 1024K, 8 young (8192K), 7 survivors (7168K)
 Metaspace       used 113187K, committed 115392K, reserved 1179648K
  class space    used 15341K, committed 16448K, reserved 1048576K
}
Event: 17.593 GC heap after
{Heap after GC invocations=40 (full 0):
 garbage-first heap   total 202752K, used 108951K [0x0000000080000000, 0x0000000100000000)
  region size 1024K, 4 young (4096K), 4 survivors (4096K)
 Metaspace       used 113187K, committed 115392K, reserved 1179648K
  class space    used 15341K, committed 16448K, reserved 1048576K
}
Event: 19.020 GC heap before
{Heap before GC invocations=41 (full 0):
 garbage-first heap   total 202752K, used 189847K [0x0000000080000000, 0x0000000100000000)
  region size 1024K, 80 young (81920K), 4 survivors (4096K)
 Metaspace       used 116558K, committed 118784K, reserved 1179648K
  class space    used 15708K, committed 16832K, reserved 1048576K
}
Event: 19.032 GC heap after
{Heap after GC invocations=42 (full 0):
 garbage-first heap   total 203776K, used 116083K [0x0000000080000000, 0x0000000100000000)
  region size 1024K, 10 young (10240K), 10 survivors (10240K)
 Metaspace       used 116558K, committed 118784K, reserved 1179648K
  class space    used 15708K, committed 16832K, reserved 1048576K
}
Event: 20.293 GC heap before
{Heap before GC invocations=42 (full 0):
 garbage-first heap   total 203776K, used 180595K [0x0000000080000000, 0x0000000100000000)
  region size 1024K, 74 young (75776K), 10 survivors (10240K)
 Metaspace       used 117262K, committed 119488K, reserved 1179648K
  class space    used 15826K, committed 16960K, reserved 1048576K
}
Event: 20.314 GC heap after
{Heap after GC invocations=43 (full 0):
 garbage-first heap   total 203776K, used 119575K [0x0000000080000000, 0x0000000100000000)
  region size 1024K, 6 young (6144K), 6 survivors (6144K)
 Metaspace       used 117262K, committed 119488K, reserved 1179648K
  class space    used 15826K, committed 16960K, reserved 1048576K
}
Event: 21.109 GC heap before
{Heap before GC invocations=43 (full 0):
 garbage-first heap   total 203776K, used 185111K [0x0000000080000000, 0x0000000100000000)
  region size 1024K, 71 young (72704K), 6 survivors (6144K)
 Metaspace       used 120177K, committed 122432K, reserved 1179648K
  class space    used 16200K, committed 17344K, reserved 1048576K
}
Event: 21.126 GC heap after
{Heap after GC invocations=44 (full 0):
 garbage-first heap   total 203776K, used 124928K [0x0000000080000000, 0x0000000100000000)
  region size 1024K, 7 young (7168K), 7 survivors (7168K)
 Metaspace       used 120177K, committed 122432K, reserved 1179648K
  class space    used 16200K, committed 17344K, reserved 1048576K
}
Event: 21.896 GC heap before
{Heap before GC invocations=45 (full 0):
 garbage-first heap   total 208896K, used 184320K [0x0000000080000000, 0x0000000100000000)
  region size 1024K, 66 young (67584K), 7 survivors (7168K)
 Metaspace       used 121663K, committed 124032K, reserved 1179648K
  class space    used 16418K, committed 17600K, reserved 1048576K
}
Event: 21.906 GC heap after
{Heap after GC invocations=46 (full 0):
 garbage-first heap   total 208896K, used 128182K [0x0000000080000000, 0x0000000100000000)
  region size 1024K, 5 young (5120K), 5 survivors (5120K)
 Metaspace       used 121663K, committed 124032K, reserved 1179648K
  class space    used 16418K, committed 17600K, reserved 1048576K
}
Event: 23.590 GC heap before
{Heap before GC invocations=46 (full 0):
 garbage-first heap   total 216064K, used 214198K [0x0000000080000000, 0x0000000100000000)
  region size 1024K, 47 young (48128K), 5 survivors (5120K)
 Metaspace       used 125397K, committed 127680K, reserved 1179648K
  class space    used 16952K, committed 18112K, reserved 1048576K
}
Event: 23.605 GC heap after
{Heap after GC invocations=47 (full 0):
 garbage-first heap   total 229376K, used 171156K [0x0000000080000000, 0x0000000100000000)
  region size 1024K, 9 young (9216K), 9 survivors (9216K)
 Metaspace       used 125397K, committed 127680K, reserved 1179648K
  class space    used 16952K, committed 18112K, reserved 1048576K
}
Event: 23.673 GC heap before
{Heap before GC invocations=47 (full 0):
 garbage-first heap   total 229376K, used 173204K [0x0000000080000000, 0x0000000100000000)
  region size 1024K, 12 young (12288K), 9 survivors (9216K)
 Metaspace       used 125490K, committed 127808K, reserved 1179648K
  class space    used 16967K, committed 18112K, reserved 1048576K
}
Event: 23.679 GC heap after
{Heap after GC invocations=48 (full 0):
 garbage-first heap   total 229376K, used 173302K [0x0000000080000000, 0x0000000100000000)
  region size 1024K, 3 young (3072K), 3 survivors (3072K)
 Metaspace       used 125490K, committed 127808K, reserved 1179648K
  class space    used 16967K, committed 18112K, reserved 1048576K
}
Event: 23.755 GC heap before
{Heap before GC invocations=48 (full 0):
 garbage-first heap   total 231424K, used 229622K [0x0000000080000000, 0x0000000100000000)
  region size 1024K, 15 young (15360K), 3 survivors (3072K)
 Metaspace       used 125498K, committed 127808K, reserved 1179648K
  class space    used 16967K, committed 18112K, reserved 1048576K
}
Event: 23.758 GC heap after
{Heap after GC invocations=49 (full 0):
 garbage-first heap   total 301056K, used 193926K [0x0000000080000000, 0x0000000100000000)
  region size 1024K, 5 young (5120K), 5 survivors (5120K)
 Metaspace       used 125498K, committed 127808K, reserved 1179648K
  class space    used 16967K, committed 18112K, reserved 1048576K
}

