# JRE version: OpenJDK Runtime Environment (21.0.6) (build 21.0.6+-13355223-b631.42)
# Java VM: OpenJDK 64-Bit Server VM (21.0.6+-13355223-b631.42, mixed mode, tiered, compressed oops, compressed class ptrs, g1 gc, windows-amd64)
GC Precious Log:
 CardTable entry size: 512
 Card Set container configuration: InlinePtr #cards 5 size 8 Array Of Cards #cards 12 size 40 Howl #buckets 4 coarsen threshold 1843 Howl Bitmap #cards 512 size 80 coarsen threshold 460 Card regions per heap region 1 cards per card region 2048
 CPUs: 4 total, 4 available
 Memory: 7834M
 Large Page Support: Disabled
 NUMA Support: Disabled
 Compressed Oops: Enabled (32-bit)
 Heap Region Size: 1M
 Heap Min Capacity: 8M
 Heap Initial Capacity: 124M
 Heap Max Capacity: 2G
 Pre-touch: Disabled
 Parallel Workers: 4
 Concurrent Workers: 1
 Concurrent Refinement Workers: 4
 Periodic GC: Disabled
Heap:
 garbage-first heap   total 365568K, used 294400K [0x0000000080000000, 0x0000000100000000)
  region size 1024K, 8 young (8192K), 8 survivors (8192K)
 Metaspace       used 128392K, committed 130752K, reserved 1179648K
  class space    used 17538K, committed 18752K, reserved 1048576K
GC Heap History (20 events):
Event: 17.576 GC heap before
{Heap before GC invocations=38 (full 0):
 garbage-first heap   total 189440K, used 174472K [0x0000000080000000, 0x0000000100000000)
  region size 1024K, 76 young (77824K), 8 survivors (8192K)
 Metaspace       used 115940K, committed 118208K, reserved 1179648K
  class space    used 15673K, committed 16832K, reserved 1048576K
}
Event: 17.593 GC heap after
{Heap after GC invocations=39 (full 0):
 garbage-first heap   total 194560K, used 108448K [0x0000000080000000, 0x0000000100000000)
  region size 1024K, 10 young (10240K), 10 survivors (10240K)
 Metaspace       used 115940K, committed 118208K, reserved 1179648K
  class space    used 15673K, committed 16832K, reserved 1048576K
}
Event: 18.246 GC heap before
{Heap before GC invocations=39 (full 0):
 garbage-first heap   total 194560K, used 172960K [0x0000000080000000, 0x0000000100000000)
  region size 1024K, 74 young (75776K), 10 survivors (10240K)
 Metaspace       used 116892K, committed 119104K, reserved 1179648K
  class space    used 15787K, committed 16896K, reserved 1048576K
}
Event: 18.279 GC heap after
{Heap after GC invocations=40 (full 0):
 garbage-first heap   total 194560K, used 115145K [0x0000000080000000, 0x0000000100000000)
  region size 1024K, 7 young (7168K), 7 survivors (7168K)
 Metaspace       used 116892K, committed 119104K, reserved 1179648K
  class space    used 15787K, committed 16896K, reserved 1048576K
}
Event: 18.979 GC heap before
{Heap before GC invocations=41 (full 0):
 garbage-first heap   total 194560K, used 175561K [0x0000000080000000, 0x0000000100000000)
  region size 1024K, 67 young (68608K), 7 survivors (7168K)
 Metaspace       used 117343K, committed 119552K, reserved 1179648K
  class space    used 15848K, committed 16960K, reserved 1048576K
}
Event: 18.989 GC heap after
{Heap after GC invocations=42 (full 0):
 garbage-first heap   total 194560K, used 119514K [0x0000000080000000, 0x0000000100000000)
  region size 1024K, 6 young (6144K), 6 survivors (6144K)
 Metaspace       used 117343K, committed 119552K, reserved 1179648K
  class space    used 15848K, committed 16960K, reserved 1048576K
}
Event: 19.585 GC heap before
{Heap before GC invocations=42 (full 0):
 garbage-first heap   total 194560K, used 176858K [0x0000000080000000, 0x0000000100000000)
  region size 1024K, 63 young (64512K), 6 survivors (6144K)
 Metaspace       used 120259K, committed 122496K, reserved 1179648K
  class space    used 16214K, committed 17344K, reserved 1048576K
}
Event: 19.596 GC heap after
{Heap after GC invocations=43 (full 0):
 garbage-first heap   total 194560K, used 121683K [0x0000000080000000, 0x0000000100000000)
  region size 1024K, 7 young (7168K), 7 survivors (7168K)
 Metaspace       used 120259K, committed 122496K, reserved 1179648K
  class space    used 16214K, committed 17344K, reserved 1048576K
}
Event: 20.079 GC heap before
{Heap before GC invocations=43 (full 0):
 garbage-first heap   total 194560K, used 174931K [0x0000000080000000, 0x0000000100000000)
  region size 1024K, 60 young (61440K), 7 survivors (7168K)
 Metaspace       used 121419K, committed 123776K, reserved 1179648K
  class space    used 16383K, committed 17600K, reserved 1048576K
}
Event: 20.088 GC heap after
{Heap after GC invocations=44 (full 0):
 garbage-first heap   total 233472K, used 124940K [0x0000000080000000, 0x0000000100000000)
  region size 1024K, 5 young (5120K), 5 survivors (5120K)
 Metaspace       used 121419K, committed 123776K, reserved 1179648K
  class space    used 16383K, committed 17600K, reserved 1048576K
}
Event: 20.800 GC heap before
{Heap before GC invocations=45 (full 0):
 garbage-first heap   total 246784K, used 244748K [0x0000000080000000, 0x0000000100000000)
  region size 1024K, 57 young (58368K), 5 survivors (5120K)
 Metaspace       used 125389K, committed 127680K, reserved 1179648K
  class space    used 16955K, committed 18112K, reserved 1048576K
}
Event: 20.810 GC heap after
{Heap after GC invocations=46 (full 0):
 garbage-first heap   total 261120K, used 182806K [0x0000000080000000, 0x0000000100000000)
  region size 1024K, 12 young (12288K), 12 survivors (12288K)
 Metaspace       used 125389K, committed 127680K, reserved 1179648K
  class space    used 16955K, committed 18112K, reserved 1048576K
}
Event: 20.981 GC heap before
{Heap before GC invocations=46 (full 0):
 garbage-first heap   total 261120K, used 259606K [0x0000000080000000, 0x0000000100000000)
  region size 1024K, 38 young (38912K), 12 survivors (12288K)
 Metaspace       used 125691K, committed 128000K, reserved 1179648K
  class space    used 16996K, committed 18176K, reserved 1048576K
}
Event: 20.999 GC heap after
{Heap after GC invocations=47 (full 0):
 garbage-first heap   total 284672K, used 209193K [0x0000000080000000, 0x0000000100000000)
  region size 1024K, 8 young (8192K), 8 survivors (8192K)
 Metaspace       used 125691K, committed 128000K, reserved 1179648K
  class space    used 16996K, committed 18176K, reserved 1048576K
}
Event: 21.183 GC heap before
{Heap before GC invocations=47 (full 0):
 garbage-first heap   total 284672K, used 233769K [0x0000000080000000, 0x0000000100000000)
  region size 1024K, 33 young (33792K), 8 survivors (8192K)
 Metaspace       used 125709K, committed 128000K, reserved 1179648K
  class space    used 16998K, committed 18176K, reserved 1048576K
}
Event: 21.197 GC heap after
{Heap after GC invocations=48 (full 0):
 garbage-first heap   total 284672K, used 218112K [0x0000000080000000, 0x0000000100000000)
  region size 1024K, 8 young (8192K), 8 survivors (8192K)
 Metaspace       used 125709K, committed 128000K, reserved 1179648K
  class space    used 16998K, committed 18176K, reserved 1048576K
}
Event: 21.769 GC heap before
{Heap before GC invocations=49 (full 0):
 garbage-first heap   total 365568K, used 260096K [0x0000000080000000, 0x0000000100000000)
  region size 1024K, 46 young (47104K), 8 survivors (8192K)
 Metaspace       used 125709K, committed 128000K, reserved 1179648K
  class space    used 16998K, committed 18176K, reserved 1048576K
}
Event: 21.808 GC heap after
{Heap after GC invocations=50 (full 0):
 garbage-first heap   total 365568K, used 236860K [0x0000000080000000, 0x0000000100000000)
  region size 1024K, 6 young (6144K), 6 survivors (6144K)
 Metaspace       used 125709K, committed 128000K, reserved 1179648K
  class space    used 16998K, committed 18176K, reserved 1048576K
}
Event: 22.916 GC heap before
{Heap before GC invocations=50 (full 0):
 garbage-first heap   total 365568K, used 310588K [0x0000000080000000, 0x0000000100000000)
  region size 1024K, 77 young (78848K), 6 survivors (6144K)
 Metaspace       used 128358K, committed 130752K, reserved 1179648K
  class space    used 17536K, committed 18752K, reserved 1048576K
}
Event: 22.967 GC heap after
{Heap after GC invocations=51 (full 0):
 garbage-first heap   total 365568K, used 264192K [0x0000000080000000, 0x0000000100000000)
  region size 1024K, 10 young (10240K), 10 survivors (10240K)
 Metaspace       used 128358K, committed 130752K, reserved 1179648K
  class space    used 17536K, committed 18752K, reserved 1048576K
}

