# JRE version: OpenJDK Runtime Environment (21.0.6) (build 21.0.6+-13355223-b631.42)
# Java VM: OpenJDK 64-Bit Server VM (21.0.6+-13355223-b631.42, mixed mode, tiered, compressed oops, compressed class ptrs, g1 gc, windows-amd64)
GC Precious Log:
 CardTable entry size: 512
 Card Set container configuration: InlinePtr #cards 5 size 8 Array Of Cards #cards 12 size 40 Howl #buckets 4 coarsen threshold 1843 Howl Bitmap #cards 512 size 80 coarsen threshold 460 Card regions per heap region 1 cards per card region 2048
 CPUs: 4 total, 4 available
 Memory: 7834M
 Large Page Support: Disabled
 NUMA Support: Disabled
 Compressed Oops: Enabled (32-bit)
 Heap Region Size: 1M
 Heap Min Capacity: 8M
 Heap Initial Capacity: 124M
 Heap Max Capacity: 2G
 Pre-touch: Disabled
 Parallel Workers: 4
 Concurrent Workers: 1
 Concurrent Refinement Workers: 4
 Periodic GC: Disabled
Heap:
 garbage-first heap   total 409600K, used 320000K [0x0000000080000000, 0x0000000100000000)
  region size 1024K, 22 young (22528K), 11 survivors (11264K)
 Metaspace       used 128741K, committed 131072K, reserved 1179648K
  class space    used 17598K, committed 18816K, reserved 1048576K
GC Heap History (20 events):
Event: 11.702 GC heap before
{Heap before GC invocations=32 (full 0):
 garbage-first heap   total 149504K, used 136167K [0x0000000080000000, 0x0000000100000000)
  region size 1024K, 46 young (47104K), 2 survivors (2048K)
 Metaspace       used 98703K, committed 100800K, reserved 1179648K
  class space    used 13350K, committed 14400K, reserved 1048576K
}
Event: 11.706 GC heap after
{Heap after GC invocations=33 (full 0):
 garbage-first heap   total 149504K, used 92540K [0x0000000080000000, 0x0000000100000000)
  region size 1024K, 4 young (4096K), 4 survivors (4096K)
 Metaspace       used 98703K, committed 100800K, reserved 1179648K
  class space    used 13350K, committed 14400K, reserved 1048576K
}
Event: 12.174 GC heap before
{Heap before GC invocations=34 (full 0):
 garbage-first heap   total 155648K, used 135548K [0x0000000080000000, 0x0000000100000000)
  region size 1024K, 46 young (47104K), 4 survivors (4096K)
 Metaspace       used 101416K, committed 103552K, reserved 1179648K
  class space    used 13774K, committed 14848K, reserved 1048576K
}
Event: 12.180 GC heap after
{Heap after GC invocations=35 (full 0):
 garbage-first heap   total 155648K, used 94503K [0x0000000080000000, 0x0000000100000000)
  region size 1024K, 4 young (4096K), 4 survivors (4096K)
 Metaspace       used 101416K, committed 103552K, reserved 1179648K
  class space    used 13774K, committed 14848K, reserved 1048576K
}
Event: 12.642 GC heap before
{Heap before GC invocations=35 (full 0):
 garbage-first heap   total 155648K, used 141607K [0x0000000080000000, 0x0000000100000000)
  region size 1024K, 50 young (51200K), 4 survivors (4096K)
 Metaspace       used 104995K, committed 107200K, reserved 1179648K
  class space    used 14303K, committed 15424K, reserved 1048576K
}
Event: 12.651 GC heap after
{Heap after GC invocations=36 (full 0):
 garbage-first heap   total 314368K, used 96961K [0x0000000080000000, 0x0000000100000000)
  region size 1024K, 7 young (7168K), 7 survivors (7168K)
 Metaspace       used 104995K, committed 107200K, reserved 1179648K
  class space    used 14303K, committed 15424K, reserved 1048576K
}
Event: 13.804 GC heap before
{Heap before GC invocations=36 (full 0):
 garbage-first heap   total 314368K, used 204481K [0x0000000080000000, 0x0000000100000000)
  region size 1024K, 114 young (116736K), 7 survivors (7168K)
 Metaspace       used 113231K, committed 115456K, reserved 1179648K
  class space    used 15338K, committed 16448K, reserved 1048576K
}
Event: 13.822 GC heap after
{Heap after GC invocations=37 (full 0):
 garbage-first heap   total 314368K, used 107589K [0x0000000080000000, 0x0000000100000000)
  region size 1024K, 17 young (17408K), 17 survivors (17408K)
 Metaspace       used 113231K, committed 115456K, reserved 1179648K
  class space    used 15338K, committed 16448K, reserved 1048576K
}
Event: 19.259 GC heap before
{Heap before GC invocations=38 (full 0):
 garbage-first heap   total 314368K, used 282693K [0x0000000080000000, 0x0000000100000000)
  region size 1024K, 184 young (188416K), 17 survivors (17408K)
 Metaspace       used 117446K, committed 119680K, reserved 1179648K
  class space    used 15849K, committed 16960K, reserved 1048576K
}
Event: 19.288 GC heap after
{Heap after GC invocations=39 (full 0):
 garbage-first heap   total 314368K, used 119192K [0x0000000080000000, 0x0000000100000000)
  region size 1024K, 22 young (22528K), 22 survivors (22528K)
 Metaspace       used 117446K, committed 119680K, reserved 1179648K
  class space    used 15849K, committed 16960K, reserved 1048576K
}
Event: 21.198 GC heap before
{Heap before GC invocations=39 (full 0):
 garbage-first heap   total 314368K, used 312728K [0x0000000080000000, 0x0000000100000000)
  region size 1024K, 167 young (171008K), 22 survivors (22528K)
 Metaspace       used 125032K, committed 127424K, reserved 1179648K
  class space    used 16900K, committed 18112K, reserved 1048576K
}
Event: 21.229 GC heap after
{Heap after GC invocations=40 (full 0):
 garbage-first heap   total 353280K, used 172492K [0x0000000080000000, 0x0000000100000000)
  region size 1024K, 17 young (17408K), 17 survivors (17408K)
 Metaspace       used 125032K, committed 127424K, reserved 1179648K
  class space    used 16900K, committed 18112K, reserved 1048576K
}
Event: 21.232 GC heap before
{Heap before GC invocations=40 (full 0):
 garbage-first heap   total 353280K, used 172492K [0x0000000080000000, 0x0000000100000000)
  region size 1024K, 19 young (19456K), 17 survivors (17408K)
 Metaspace       used 125033K, committed 127424K, reserved 1179648K
  class space    used 16900K, committed 18112K, reserved 1048576K
}
Event: 21.242 GC heap after
{Heap after GC invocations=41 (full 0):
 garbage-first heap   total 353280K, used 173056K [0x0000000080000000, 0x0000000100000000)
  region size 1024K, 2 young (2048K), 2 survivors (2048K)
 Metaspace       used 125033K, committed 127424K, reserved 1179648K
  class space    used 16900K, committed 18112K, reserved 1048576K
}
Event: 21.976 GC heap before
{Heap before GC invocations=42 (full 0):
 garbage-first heap   total 409600K, used 344064K [0x0000000080000000, 0x0000000100000000)
  region size 1024K, 95 young (97280K), 2 survivors (2048K)
 Metaspace       used 125331K, committed 127680K, reserved 1179648K
  class space    used 16942K, committed 18112K, reserved 1048576K
}
Event: 22.017 GC heap after
{Heap after GC invocations=43 (full 0):
 garbage-first heap   total 409600K, used 238592K [0x0000000080000000, 0x0000000100000000)
  region size 1024K, 12 young (12288K), 12 survivors (12288K)
 Metaspace       used 125331K, committed 127680K, reserved 1179648K
  class space    used 16942K, committed 18112K, reserved 1048576K
}
Event: 22.833 GC heap before
{Heap before GC invocations=43 (full 0):
 garbage-first heap   total 409600K, used 328704K [0x0000000080000000, 0x0000000100000000)
  region size 1024K, 99 young (101376K), 12 survivors (12288K)
 Metaspace       used 128685K, committed 131008K, reserved 1179648K
  class space    used 17596K, committed 18816K, reserved 1048576K
}
Event: 22.903 GC heap after
{Heap after GC invocations=44 (full 0):
 garbage-first heap   total 409600K, used 272384K [0x0000000080000000, 0x0000000100000000)
  region size 1024K, 13 young (13312K), 13 survivors (13312K)
 Metaspace       used 128685K, committed 131008K, reserved 1179648K
  class space    used 17596K, committed 18816K, reserved 1048576K
}
Event: 23.317 GC heap before
{Heap before GC invocations=44 (full 0):
 garbage-first heap   total 409600K, used 340992K [0x0000000080000000, 0x0000000100000000)
  region size 1024K, 81 young (82944K), 13 survivors (13312K)
 Metaspace       used 128738K, committed 131072K, reserved 1179648K
  class space    used 17598K, committed 18816K, reserved 1048576K
}
Event: 23.369 GC heap after
{Heap after GC invocations=45 (full 0):
 garbage-first heap   total 409600K, used 309760K [0x0000000080000000, 0x0000000100000000)
  region size 1024K, 11 young (11264K), 11 survivors (11264K)
 Metaspace       used 128738K, committed 131072K, reserved 1179648K
  class space    used 17598K, committed 18816K, reserved 1048576K
}

