# JRE version: OpenJDK Runtime Environment (21.0.6) (build 21.0.6+-13355223-b631.42)
# Java VM: OpenJDK 64-Bit Server VM (21.0.6+-13355223-b631.42, mixed mode, tiered, compressed oops, compressed class ptrs, g1 gc, windows-amd64)
GC Precious Log:
 CardTable entry size: 512
 Card Set container configuration: InlinePtr #cards 5 size 8 Array Of Cards #cards 12 size 40 Howl #buckets 4 coarsen threshold 1843 Howl Bitmap #cards 512 size 80 coarsen threshold 460 Card regions per heap region 1 cards per card region 2048
 CPUs: 4 total, 4 available
 Memory: 7834M
 Large Page Support: Disabled
 NUMA Support: Disabled
 Compressed Oops: Enabled (32-bit)
 Heap Region Size: 1M
 Heap Min Capacity: 8M
 Heap Initial Capacity: 124M
 Heap Max Capacity: 2G
 Pre-touch: Disabled
 Parallel Workers: 4
 Concurrent Workers: 1
 Concurrent Refinement Workers: 4
 Periodic GC: Disabled
Heap:
 garbage-first heap   total 380928K, used 297984K [0x0000000080000000, 0x0000000100000000)
  region size 1024K, 22 young (22528K), 10 survivors (10240K)
 Metaspace       used 128634K, committed 130944K, reserved 1179648K
  class space    used 17577K, committed 18752K, reserved 1048576K
GC Heap History (20 events):
Event: 14.815 GC heap before
{Heap before GC invocations=43 (full 0):
 garbage-first heap   total 169984K, used 153003K [0x0000000080000000, 0x0000000100000000)
  region size 1024K, 52 young (53248K), 7 survivors (7168K)
 Metaspace       used 116457K, committed 118656K, reserved 1179648K
  class space    used 15690K, committed 16832K, reserved 1048576K
}
Event: 14.828 GC heap after
{Heap after GC invocations=44 (full 0):
 garbage-first heap   total 169984K, used 115197K [0x0000000080000000, 0x0000000100000000)
  region size 1024K, 7 young (7168K), 7 survivors (7168K)
 Metaspace       used 116457K, committed 118656K, reserved 1179648K
  class space    used 15690K, committed 16832K, reserved 1048576K
}
Event: 15.213 GC heap before
{Heap before GC invocations=45 (full 0):
 garbage-first heap   total 193536K, used 152061K [0x0000000080000000, 0x0000000100000000)
  region size 1024K, 43 young (44032K), 7 survivors (7168K)
 Metaspace       used 116762K, committed 118976K, reserved 1179648K
  class space    used 15758K, committed 16896K, reserved 1048576K
}
Event: 15.221 GC heap after
{Heap after GC invocations=46 (full 0):
 garbage-first heap   total 193536K, used 118073K [0x0000000080000000, 0x0000000100000000)
  region size 1024K, 4 young (4096K), 4 survivors (4096K)
 Metaspace       used 116762K, committed 118976K, reserved 1179648K
  class space    used 15758K, committed 16896K, reserved 1048576K
}
Event: 15.775 GC heap before
{Heap before GC invocations=46 (full 0):
 garbage-first heap   total 193536K, used 173369K [0x0000000080000000, 0x0000000100000000)
  region size 1024K, 59 young (60416K), 4 survivors (4096K)
 Metaspace       used 117260K, committed 119488K, reserved 1179648K
  class space    used 15822K, committed 16960K, reserved 1048576K
}
Event: 15.784 GC heap after
{Heap after GC invocations=47 (full 0):
 garbage-first heap   total 193536K, used 119955K [0x0000000080000000, 0x0000000100000000)
  region size 1024K, 7 young (7168K), 7 survivors (7168K)
 Metaspace       used 117260K, committed 119488K, reserved 1179648K
  class space    used 15822K, committed 16960K, reserved 1048576K
}
Event: 16.458 GC heap before
{Heap before GC invocations=47 (full 0):
 garbage-first heap   total 193536K, used 174227K [0x0000000080000000, 0x0000000100000000)
  region size 1024K, 61 young (62464K), 7 survivors (7168K)
 Metaspace       used 120135K, committed 122432K, reserved 1179648K
  class space    used 16178K, committed 17344K, reserved 1048576K
}
Event: 16.472 GC heap after
{Heap after GC invocations=48 (full 0):
 garbage-first heap   total 232448K, used 124408K [0x0000000080000000, 0x0000000100000000)
  region size 1024K, 6 young (6144K), 6 survivors (6144K)
 Metaspace       used 120135K, committed 122432K, reserved 1179648K
  class space    used 16178K, committed 17344K, reserved 1048576K
}
Event: 17.303 GC heap before
{Heap before GC invocations=49 (full 0):
 garbage-first heap   total 234496K, used 232952K [0x0000000080000000, 0x0000000100000000)
  region size 1024K, 85 young (87040K), 6 survivors (6144K)
 Metaspace       used 121528K, committed 123776K, reserved 1179648K
  class space    used 16390K, committed 17536K, reserved 1048576K
}
Event: 17.315 GC heap after
{Heap after GC invocations=50 (full 0):
 garbage-first heap   total 250880K, used 162592K [0x0000000080000000, 0x0000000100000000)
  region size 1024K, 11 young (11264K), 11 survivors (11264K)
 Metaspace       used 121528K, committed 123776K, reserved 1179648K
  class space    used 16390K, committed 17536K, reserved 1048576K
}
Event: 21.373 GC heap before
{Heap before GC invocations=50 (full 0):
 garbage-first heap   total 259072K, used 256800K [0x0000000080000000, 0x0000000100000000)
  region size 1024K, 50 young (51200K), 11 survivors (11264K)
 Metaspace       used 124969K, committed 127296K, reserved 1179648K
  class space    used 16883K, committed 18048K, reserved 1048576K
}
Event: 21.385 GC heap after
{Heap after GC invocations=51 (full 0):
 garbage-first heap   total 278528K, used 192223K [0x0000000080000000, 0x0000000100000000)
  region size 1024K, 7 young (7168K), 7 survivors (7168K)
 Metaspace       used 124969K, committed 127296K, reserved 1179648K
  class space    used 16883K, committed 18048K, reserved 1048576K
}
Event: 21.386 GC heap before
{Heap before GC invocations=51 (full 0):
 garbage-first heap   total 278528K, used 192223K [0x0000000080000000, 0x0000000100000000)
  region size 1024K, 8 young (8192K), 7 survivors (7168K)
 Metaspace       used 124969K, committed 127296K, reserved 1179648K
  class space    used 16883K, committed 18048K, reserved 1048576K
}
Event: 21.390 GC heap after
{Heap after GC invocations=52 (full 0):
 garbage-first heap   total 278528K, used 193002K [0x0000000080000000, 0x0000000100000000)
  region size 1024K, 1 young (1024K), 1 survivors (1024K)
 Metaspace       used 124969K, committed 127296K, reserved 1179648K
  class space    used 16883K, committed 18048K, reserved 1048576K
}
Event: 22.047 GC heap before
{Heap before GC invocations=53 (full 0):
 garbage-first heap   total 380928K, used 272874K [0x0000000080000000, 0x0000000100000000)
  region size 1024K, 46 young (47104K), 1 survivors (1024K)
 Metaspace       used 125894K, committed 128256K, reserved 1179648K
  class space    used 17036K, committed 18240K, reserved 1048576K
}
Event: 22.062 GC heap after
{Heap after GC invocations=54 (full 0):
 garbage-first heap   total 380928K, used 220440K [0x0000000080000000, 0x0000000100000000)
  region size 1024K, 6 young (6144K), 6 survivors (6144K)
 Metaspace       used 125894K, committed 128256K, reserved 1179648K
  class space    used 17036K, committed 18240K, reserved 1048576K
}
Event: 22.687 GC heap before
{Heap before GC invocations=54 (full 0):
 garbage-first heap   total 380928K, used 313624K [0x0000000080000000, 0x0000000100000000)
  region size 1024K, 92 young (94208K), 6 survivors (6144K)
 Metaspace       used 126067K, committed 128384K, reserved 1179648K
  class space    used 17067K, committed 18240K, reserved 1048576K
}
Event: 22.748 GC heap after
{Heap after GC invocations=55 (full 0):
 garbage-first heap   total 380928K, used 259584K [0x0000000080000000, 0x0000000100000000)
  region size 1024K, 12 young (12288K), 12 survivors (12288K)
 Metaspace       used 126067K, committed 128384K, reserved 1179648K
  class space    used 17067K, committed 18240K, reserved 1048576K
}
Event: 23.342 GC heap before
{Heap before GC invocations=55 (full 0):
 garbage-first heap   total 380928K, used 322048K [0x0000000080000000, 0x0000000100000000)
  region size 1024K, 74 young (75776K), 12 survivors (12288K)
 Metaspace       used 128630K, committed 130944K, reserved 1179648K
  class space    used 17577K, committed 18752K, reserved 1048576K
}
Event: 23.398 GC heap after
{Heap after GC invocations=56 (full 0):
 garbage-first heap   total 380928K, used 286720K [0x0000000080000000, 0x0000000100000000)
  region size 1024K, 10 young (10240K), 10 survivors (10240K)
 Metaspace       used 128630K, committed 130944K, reserved 1179648K
  class space    used 17577K, committed 18752K, reserved 1048576K
}

