# JRE version: OpenJDK Runtime Environment (21.0.6) (build 21.0.6+-13355223-b631.42)
# Java VM: OpenJDK 64-Bit Server VM (21.0.6+-13355223-b631.42, mixed mode, tiered, compressed oops, compressed class ptrs, g1 gc, windows-amd64)
GC Precious Log:
 CardTable entry size: 512
 Card Set container configuration: InlinePtr #cards 5 size 8 Array Of Cards #cards 12 size 40 Howl #buckets 4 coarsen threshold 1843 Howl Bitmap #cards 512 size 80 coarsen threshold 460 Card regions per heap region 1 cards per card region 2048
 CPUs: 4 total, 4 available
 Memory: 7834M
 Large Page Support: Disabled
 NUMA Support: Disabled
 Compressed Oops: Enabled (32-bit)
 Heap Region Size: 1M
 Heap Min Capacity: 8M
 Heap Initial Capacity: 124M
 Heap Max Capacity: 2G
 Pre-touch: Disabled
 Parallel Workers: 4
 Concurrent Workers: 1
 Concurrent Refinement Workers: 4
 Periodic GC: Disabled
Heap:
 garbage-first heap   total 506880K, used 323584K [0x0000000080000000, 0x0000000100000000)
  region size 1024K, 7 young (7168K), 6 survivors (6144K)
 Metaspace       used 128758K, committed 131072K, reserved 1179648K
  class space    used 17577K, committed 18752K, reserved 1048576K
GC Heap History (20 events):
Event: 25.313 GC heap before
{Heap before GC invocations=47 (full 0):
 garbage-first heap   total 176128K, used 157753K [0x0000000080000000, 0x0000000100000000)
  region size 1024K, 49 young (50176K), 6 survivors (6144K)
 Metaspace       used 117144K, committed 119360K, reserved 1179648K
  class space    used 15804K, committed 16960K, reserved 1048576K
}
Event: 25.320 GC heap after
{Heap after GC invocations=48 (full 0):
 garbage-first heap   total 176128K, used 117548K [0x0000000080000000, 0x0000000100000000)
  region size 1024K, 5 young (5120K), 5 survivors (5120K)
 Metaspace       used 117144K, committed 119360K, reserved 1179648K
  class space    used 15804K, committed 16960K, reserved 1048576K
}
Event: 25.743 GC heap before
{Heap before GC invocations=49 (full 0):
 garbage-first heap   total 198656K, used 157484K [0x0000000080000000, 0x0000000100000000)
  region size 1024K, 45 young (46080K), 5 survivors (5120K)
 Metaspace       used 117423K, committed 119680K, reserved 1179648K
  class space    used 15840K, committed 16960K, reserved 1048576K
}
Event: 25.751 GC heap after
{Heap after GC invocations=50 (full 0):
 garbage-first heap   total 198656K, used 120156K [0x0000000080000000, 0x0000000100000000)
  region size 1024K, 5 young (5120K), 5 survivors (5120K)
 Metaspace       used 117423K, committed 119680K, reserved 1179648K
  class space    used 15840K, committed 16960K, reserved 1048576K
}
Event: 26.535 GC heap before
{Heap before GC invocations=50 (full 0):
 garbage-first heap   total 198656K, used 176476K [0x0000000080000000, 0x0000000100000000)
  region size 1024K, 61 young (62464K), 5 survivors (5120K)
 Metaspace       used 120300K, committed 122560K, reserved 1179648K
  class space    used 16192K, committed 17344K, reserved 1048576K
}
Event: 26.547 GC heap after
{Heap after GC invocations=51 (full 0):
 garbage-first heap   total 198656K, used 123231K [0x0000000080000000, 0x0000000100000000)
  region size 1024K, 7 young (7168K), 7 survivors (7168K)
 Metaspace       used 120300K, committed 122560K, reserved 1179648K
  class space    used 16192K, committed 17344K, reserved 1048576K
}
Event: 26.967 GC heap before
{Heap before GC invocations=51 (full 0):
 garbage-first heap   total 198656K, used 173407K [0x0000000080000000, 0x0000000100000000)
  region size 1024K, 58 young (59392K), 7 survivors (7168K)
 Metaspace       used 121591K, committed 123840K, reserved 1179648K
  class space    used 16389K, committed 17536K, reserved 1048576K
}
Event: 26.975 GC heap after
{Heap after GC invocations=52 (full 0):
 garbage-first heap   total 238592K, used 125724K [0x0000000080000000, 0x0000000100000000)
  region size 1024K, 5 young (5120K), 5 survivors (5120K)
 Metaspace       used 121591K, committed 123840K, reserved 1179648K
  class space    used 16389K, committed 17536K, reserved 1048576K
}
Event: 27.764 GC heap before
{Heap before GC invocations=53 (full 0):
 garbage-first heap   total 268288K, used 266012K [0x0000000080000000, 0x0000000100000000)
  region size 1024K, 51 young (52224K), 5 survivors (5120K)
 Metaspace       used 125063K, committed 127360K, reserved 1179648K
  class space    used 16885K, committed 18048K, reserved 1048576K
}
Event: 27.776 GC heap after
{Heap after GC invocations=54 (full 0):
 garbage-first heap   total 283648K, used 195584K [0x0000000080000000, 0x0000000100000000)
  region size 1024K, 11 young (11264K), 11 survivors (11264K)
 Metaspace       used 125063K, committed 127360K, reserved 1179648K
  class space    used 16885K, committed 18048K, reserved 1048576K
}
Event: 28.411 GC heap before
{Heap before GC invocations=54 (full 0):
 garbage-first heap   total 283648K, used 276480K [0x0000000080000000, 0x0000000100000000)
  region size 1024K, 66 young (67584K), 11 survivors (11264K)
 Metaspace       used 125427K, committed 127680K, reserved 1179648K
  class space    used 16936K, committed 18048K, reserved 1048576K
}
Event: 28.454 GC heap after
{Heap after GC invocations=55 (full 0):
 garbage-first heap   total 311296K, used 223608K [0x0000000080000000, 0x0000000100000000)
  region size 1024K, 9 young (9216K), 9 survivors (9216K)
 Metaspace       used 125427K, committed 127680K, reserved 1179648K
  class space    used 16936K, committed 18048K, reserved 1048576K
}
Event: 28.557 GC heap before
{Heap before GC invocations=55 (full 0):
 garbage-first heap   total 311296K, used 230776K [0x0000000080000000, 0x0000000100000000)
  region size 1024K, 17 young (17408K), 9 survivors (9216K)
 Metaspace       used 125427K, committed 127680K, reserved 1179648K
  class space    used 16936K, committed 18048K, reserved 1048576K
}
Event: 28.575 GC heap after
{Heap after GC invocations=56 (full 0):
 garbage-first heap   total 311296K, used 227687K [0x0000000080000000, 0x0000000100000000)
  region size 1024K, 4 young (4096K), 4 survivors (4096K)
 Metaspace       used 125427K, committed 127680K, reserved 1179648K
  class space    used 16936K, committed 18048K, reserved 1048576K
}
Event: 29.177 GC heap before
{Heap before GC invocations=57 (full 0):
 garbage-first heap   total 382976K, used 279911K [0x0000000080000000, 0x0000000100000000)
  region size 1024K, 51 young (52224K), 4 survivors (4096K)
 Metaspace       used 125931K, committed 128192K, reserved 1179648K
  class space    used 17025K, committed 18176K, reserved 1048576K
}
Event: 29.212 GC heap after
{Heap after GC invocations=58 (full 0):
 garbage-first heap   total 382976K, used 250880K [0x0000000080000000, 0x0000000100000000)
  region size 1024K, 7 young (7168K), 7 survivors (7168K)
 Metaspace       used 125931K, committed 128192K, reserved 1179648K
  class space    used 17025K, committed 18176K, reserved 1048576K
}
Event: 30.622 GC heap before
{Heap before GC invocations=58 (full 0):
 garbage-first heap   total 382976K, used 321536K [0x0000000080000000, 0x0000000100000000)
  region size 1024K, 76 young (77824K), 7 survivors (7168K)
 Metaspace       used 128721K, committed 131072K, reserved 1179648K
  class space    used 17576K, committed 18752K, reserved 1048576K
}
Event: 30.665 GC heap after
{Heap after GC invocations=59 (full 0):
 garbage-first heap   total 382976K, used 276992K [0x0000000080000000, 0x0000000100000000)
  region size 1024K, 10 young (10240K), 10 survivors (10240K)
 Metaspace       used 128721K, committed 131072K, reserved 1179648K
  class space    used 17576K, committed 18752K, reserved 1048576K
}
Event: 30.935 GC heap before
{Heap before GC invocations=59 (full 0):
 garbage-first heap   total 382976K, used 330240K [0x0000000080000000, 0x0000000100000000)
  region size 1024K, 63 young (64512K), 10 survivors (10240K)
 Metaspace       used 128747K, committed 131072K, reserved 1179648K
  class space    used 17577K, committed 18752K, reserved 1048576K
}
Event: 30.984 GC heap after
{Heap after GC invocations=60 (full 0):
 garbage-first heap   total 382976K, used 306176K [0x0000000080000000, 0x0000000100000000)
  region size 1024K, 8 young (8192K), 8 survivors (8192K)
 Metaspace       used 128747K, committed 131072K, reserved 1179648K
  class space    used 17577K, committed 18752K, reserved 1048576K
}

