# JRE version: OpenJDK Runtime Environment (21.0.6) (build 21.0.6+-13355223-b631.42)
# Java VM: OpenJDK 64-Bit Server VM (21.0.6+-13355223-b631.42, mixed mode, tiered, compressed oops, compressed class ptrs, g1 gc, windows-amd64)
GC Precious Log:
 CardTable entry size: 512
 Card Set container configuration: InlinePtr #cards 5 size 8 Array Of Cards #cards 12 size 40 Howl #buckets 4 coarsen threshold 1843 Howl Bitmap #cards 512 size 80 coarsen threshold 460 Card regions per heap region 1 cards per card region 2048
 CPUs: 4 total, 4 available
 Memory: 7834M
 Large Page Support: Disabled
 NUMA Support: Disabled
 Compressed Oops: Enabled (32-bit)
 Heap Region Size: 1M
 Heap Min Capacity: 8M
 Heap Initial Capacity: 124M
 Heap Max Capacity: 2G
 Pre-touch: Disabled
 Parallel Workers: 4
 Concurrent Workers: 1
 Concurrent Refinement Workers: 4
 Periodic GC: Disabled
Heap:
 garbage-first heap   total 300032K, used 282025K [0x0000000080000000, 0x0000000100000000)
  region size 1024K, 27 young (27648K), 6 survivors (6144K)
 Metaspace       used 153194K, committed 155648K, reserved 1245184K
  class space    used 19708K, committed 20928K, reserved 1048576K
GC Heap History (20 events):
Event: 736.114 GC heap before
{Heap before GC invocations=64 (full 0):
 garbage-first heap   total 225280K, used 210323K [0x0000000080000000, 0x0000000100000000)
  region size 1024K, 81 young (82944K), 2 survivors (2048K)
 Metaspace       used 142871K, committed 145344K, reserved 1179648K
  class space    used 18589K, committed 19840K, reserved 1048576K
}
Event: 736.145 GC heap after
{Heap after GC invocations=65 (full 0):
 garbage-first heap   total 225280K, used 139729K [0x0000000080000000, 0x0000000100000000)
  region size 1024K, 11 young (11264K), 11 survivors (11264K)
 Metaspace       used 142871K, committed 145344K, reserved 1179648K
  class space    used 18589K, committed 19840K, reserved 1048576K
}
Event: 741.116 GC heap before
{Heap before GC invocations=66 (full 0):
 garbage-first heap   total 232448K, used 199121K [0x0000000080000000, 0x0000000100000000)
  region size 1024K, 71 young (72704K), 11 survivors (11264K)
 Metaspace       used 143245K, committed 145664K, reserved 1179648K
  class space    used 18603K, committed 19840K, reserved 1048576K
}
Event: 741.139 GC heap after
{Heap after GC invocations=67 (full 0):
 garbage-first heap   total 232448K, used 151276K [0x0000000080000000, 0x0000000100000000)
  region size 1024K, 9 young (9216K), 9 survivors (9216K)
 Metaspace       used 143245K, committed 145664K, reserved 1179648K
  class space    used 18603K, committed 19840K, reserved 1048576K
}
Event: 742.391 GC heap before
{Heap before GC invocations=67 (full 0):
 garbage-first heap   total 232448K, used 216812K [0x0000000080000000, 0x0000000100000000)
  region size 1024K, 67 young (68608K), 9 survivors (9216K)
 Metaspace       used 144681K, committed 147136K, reserved 1179648K
  class space    used 18720K, committed 19968K, reserved 1048576K
}
Event: 742.412 GC heap after
{Heap after GC invocations=68 (full 0):
 garbage-first heap   total 243712K, used 153542K [0x0000000080000000, 0x0000000100000000)
  region size 1024K, 9 young (9216K), 9 survivors (9216K)
 Metaspace       used 144681K, committed 147136K, reserved 1179648K
  class space    used 18720K, committed 19968K, reserved 1048576K
}
Event: 743.417 GC heap before
{Heap before GC invocations=68 (full 0):
 garbage-first heap   total 243712K, used 219078K [0x0000000080000000, 0x0000000100000000)
  region size 1024K, 74 young (75776K), 9 survivors (9216K)
 Metaspace       used 146712K, committed 149184K, reserved 1179648K
  class space    used 18899K, committed 20160K, reserved 1048576K
}
Event: 743.424 GC heap after
{Heap after GC invocations=69 (full 0):
 garbage-first heap   total 243712K, used 149418K [0x0000000080000000, 0x0000000100000000)
  region size 1024K, 2 young (2048K), 2 survivors (2048K)
 Metaspace       used 146712K, committed 149184K, reserved 1179648K
  class space    used 18899K, committed 20160K, reserved 1048576K
}
Event: 764.986 GC heap before
{Heap before GC invocations=70 (full 0):
 garbage-first heap   total 250880K, used 221098K [0x0000000080000000, 0x0000000100000000)
  region size 1024K, 73 young (74752K), 2 survivors (2048K)
 Metaspace       used 147009K, committed 149440K, reserved 1179648K
  class space    used 18916K, committed 20160K, reserved 1048576K
}
Event: 764.992 GC heap after
{Heap after GC invocations=71 (full 0):
 garbage-first heap   total 250880K, used 151670K [0x0000000080000000, 0x0000000100000000)
  region size 1024K, 4 young (4096K), 4 survivors (4096K)
 Metaspace       used 147009K, committed 149440K, reserved 1179648K
  class space    used 18916K, committed 20160K, reserved 1048576K
}
Event: 766.227 GC heap before
{Heap before GC invocations=71 (full 0):
 garbage-first heap   total 250880K, used 230518K [0x0000000080000000, 0x0000000100000000)
  region size 1024K, 81 young (82944K), 4 survivors (4096K)
 Metaspace       used 148338K, committed 150848K, reserved 1179648K
  class space    used 19093K, committed 20352K, reserved 1048576K
}
Event: 766.247 GC heap after
{Heap after GC invocations=72 (full 0):
 garbage-first heap   total 250880K, used 156949K [0x0000000080000000, 0x0000000100000000)
  region size 1024K, 11 young (11264K), 11 survivors (11264K)
 Metaspace       used 148338K, committed 150848K, reserved 1179648K
  class space    used 19093K, committed 20352K, reserved 1048576K
}
Event: 767.318 GC heap before
{Heap before GC invocations=72 (full 0):
 garbage-first heap   total 250880K, used 224533K [0x0000000080000000, 0x0000000100000000)
  region size 1024K, 78 young (79872K), 11 survivors (11264K)
 Metaspace       used 148673K, committed 151168K, reserved 1179648K
  class space    used 19122K, committed 20352K, reserved 1048576K
}
Event: 767.338 GC heap after
{Heap after GC invocations=73 (full 0):
 garbage-first heap   total 250880K, used 166860K [0x0000000080000000, 0x0000000100000000)
  region size 1024K, 9 young (9216K), 9 survivors (9216K)
 Metaspace       used 148673K, committed 151168K, reserved 1179648K
  class space    used 19122K, committed 20352K, reserved 1048576K
}
Event: 768.406 GC heap before
{Heap before GC invocations=74 (full 0):
 garbage-first heap   total 276480K, used 259020K [0x0000000080000000, 0x0000000100000000)
  region size 1024K, 68 young (69632K), 9 survivors (9216K)
 Metaspace       used 149563K, committed 152064K, reserved 1245184K
  class space    used 19211K, committed 20480K, reserved 1048576K
}
Event: 768.417 GC heap after
{Heap after GC invocations=75 (full 0):
 garbage-first heap   total 276480K, used 205824K [0x0000000080000000, 0x0000000100000000)
  region size 1024K, 9 young (9216K), 9 survivors (9216K)
 Metaspace       used 149563K, committed 152064K, reserved 1245184K
  class space    used 19211K, committed 20480K, reserved 1048576K
}
Event: 769.251 GC heap before
{Heap before GC invocations=75 (full 0):
 garbage-first heap   total 280576K, used 279552K [0x0000000080000000, 0x0000000100000000)
  region size 1024K, 53 young (54272K), 9 survivors (9216K)
 Metaspace       used 153149K, committed 155648K, reserved 1245184K
  class space    used 19706K, committed 20928K, reserved 1048576K
}
Event: 769.267 GC heap after
{Heap after GC invocations=76 (full 0):
 garbage-first heap   total 300032K, used 210427K [0x0000000080000000, 0x0000000100000000)
  region size 1024K, 5 young (5120K), 5 survivors (5120K)
 Metaspace       used 153149K, committed 155648K, reserved 1245184K
  class space    used 19706K, committed 20928K, reserved 1048576K
}
Event: 769.270 GC heap before
{Heap before GC invocations=76 (full 0):
 garbage-first heap   total 300032K, used 210427K [0x0000000080000000, 0x0000000100000000)
  region size 1024K, 6 young (6144K), 5 survivors (5120K)
 Metaspace       used 153149K, committed 155648K, reserved 1245184K
  class space    used 19706K, committed 20928K, reserved 1048576K
}
Event: 769.274 GC heap after
{Heap after GC invocations=77 (full 0):
 garbage-first heap   total 300032K, used 211369K [0x0000000080000000, 0x0000000100000000)
  region size 1024K, 6 young (6144K), 6 survivors (6144K)
 Metaspace       used 153149K, committed 155648K, reserved 1245184K
  class space    used 19706K, committed 20928K, reserved 1048576K
}

