# JRE version: OpenJDK Runtime Environment (21.0.6) (build 21.0.6+-13355223-b631.42)
# Java VM: OpenJDK 64-Bit Server VM (21.0.6+-13355223-b631.42, mixed mode, tiered, compressed oops, compressed class ptrs, g1 gc, windows-amd64)
GC Precious Log:
 CardTable entry size: 512
 Card Set container configuration: InlinePtr #cards 5 size 8 Array Of Cards #cards 12 size 40 Howl #buckets 4 coarsen threshold 1843 Howl Bitmap #cards 512 size 80 coarsen threshold 460 Card regions per heap region 1 cards per card region 2048
 CPUs: 4 total, 4 available
 Memory: 7834M
 Large Page Support: Disabled
 NUMA Support: Disabled
 Compressed Oops: Enabled (32-bit)
 Heap Region Size: 1M
 Heap Min Capacity: 8M
 Heap Initial Capacity: 124M
 Heap Max Capacity: 2G
 Pre-touch: Disabled
 Parallel Workers: 4
 Concurrent Workers: 1
 Concurrent Refinement Workers: 4
 Periodic GC: Disabled
Heap:
 garbage-first heap   total 401408K, used 285696K [0x0000000080000000, 0x0000000100000000)
  region size 1024K, 10 young (10240K), 10 survivors (10240K)
 Metaspace       used 128687K, committed 131072K, reserved 1179648K
  class space    used 17583K, committed 18816K, reserved 1048576K
GC Heap History (20 events):
Event: 12.708 GC heap after
{Heap after GC invocations=40 (full 0):
 garbage-first heap   total 177152K, used 104283K [0x0000000080000000, 0x0000000100000000)
  region size 1024K, 7 young (7168K), 7 survivors (7168K)
 Metaspace       used 112166K, committed 114432K, reserved 1179648K
  class space    used 15253K, committed 16384K, reserved 1048576K
}
Event: 12.839 GC heap before
{Heap before GC invocations=40 (full 0):
 garbage-first heap   total 177152K, used 117595K [0x0000000080000000, 0x0000000100000000)
  region size 1024K, 21 young (21504K), 7 survivors (7168K)
 Metaspace       used 113121K, committed 115328K, reserved 1179648K
  class space    used 15324K, committed 16448K, reserved 1048576K
}
Event: 12.849 GC heap after
{Heap after GC invocations=41 (full 0):
 garbage-first heap   total 177152K, used 109083K [0x0000000080000000, 0x0000000100000000)
  region size 1024K, 5 young (5120K), 5 survivors (5120K)
 Metaspace       used 113121K, committed 115328K, reserved 1179648K
  class space    used 15324K, committed 16448K, reserved 1048576K
}
Event: 13.666 GC heap before
{Heap before GC invocations=42 (full 0):
 garbage-first heap   total 193536K, used 164379K [0x0000000080000000, 0x0000000100000000)
  region size 1024K, 55 young (56320K), 5 survivors (5120K)
 Metaspace       used 116539K, committed 118720K, reserved 1179648K
  class space    used 15696K, committed 16832K, reserved 1048576K
}
Event: 13.677 GC heap after
{Heap after GC invocations=43 (full 0):
 garbage-first heap   total 193536K, used 115712K [0x0000000080000000, 0x0000000100000000)
  region size 1024K, 7 young (7168K), 7 survivors (7168K)
 Metaspace       used 116539K, committed 118720K, reserved 1179648K
  class space    used 15696K, committed 16832K, reserved 1048576K
}
Event: 14.209 GC heap before
{Heap before GC invocations=43 (full 0):
 garbage-first heap   total 193536K, used 175104K [0x0000000080000000, 0x0000000100000000)
  region size 1024K, 66 young (67584K), 7 survivors (7168K)
 Metaspace       used 117056K, committed 119296K, reserved 1179648K
  class space    used 15795K, committed 16896K, reserved 1048576K
}
Event: 14.221 GC heap after
{Heap after GC invocations=44 (full 0):
 garbage-first heap   total 232448K, used 118459K [0x0000000080000000, 0x0000000100000000)
  region size 1024K, 6 young (6144K), 6 survivors (6144K)
 Metaspace       used 117056K, committed 119296K, reserved 1179648K
  class space    used 15795K, committed 16896K, reserved 1048576K
}
Event: 15.090 GC heap before
{Heap before GC invocations=44 (full 0):
 garbage-first heap   total 232448K, used 207547K [0x0000000080000000, 0x0000000100000000)
  region size 1024K, 94 young (96256K), 6 survivors (6144K)
 Metaspace       used 120088K, committed 122368K, reserved 1179648K
  class space    used 16176K, committed 17344K, reserved 1048576K
}
Event: 15.101 GC heap after
{Heap after GC invocations=45 (full 0):
 garbage-first heap   total 232448K, used 124289K [0x0000000080000000, 0x0000000100000000)
  region size 1024K, 11 young (11264K), 11 survivors (11264K)
 Metaspace       used 120088K, committed 122368K, reserved 1179648K
  class space    used 16176K, committed 17344K, reserved 1048576K
}
Event: 15.607 GC heap before
{Heap before GC invocations=45 (full 0):
 garbage-first heap   total 232448K, used 196993K [0x0000000080000000, 0x0000000100000000)
  region size 1024K, 84 young (86016K), 11 survivors (11264K)
 Metaspace       used 121526K, committed 123840K, reserved 1179648K
  class space    used 16387K, committed 17536K, reserved 1048576K
}
Event: 15.619 GC heap after
{Heap after GC invocations=46 (full 0):
 garbage-first heap   total 232448K, used 127887K [0x0000000080000000, 0x0000000100000000)
  region size 1024K, 6 young (6144K), 6 survivors (6144K)
 Metaspace       used 121526K, committed 123840K, reserved 1179648K
  class space    used 16387K, committed 17536K, reserved 1048576K
}
Event: 16.078 GC heap before
{Heap before GC invocations=47 (full 0):
 garbage-first heap   total 277504K, used 275343K [0x0000000080000000, 0x0000000100000000)
  region size 1024K, 54 young (55296K), 6 survivors (6144K)
 Metaspace       used 125025K, committed 127296K, reserved 1179648K
  class space    used 16890K, committed 18048K, reserved 1048576K
}
Event: 16.088 GC heap after
{Heap after GC invocations=48 (full 0):
 garbage-first heap   total 293888K, used 199680K [0x0000000080000000, 0x0000000100000000)
  region size 1024K, 11 young (11264K), 11 survivors (11264K)
 Metaspace       used 125025K, committed 127296K, reserved 1179648K
  class space    used 16890K, committed 18048K, reserved 1048576K
}
Event: 16.967 GC heap before
{Heap before GC invocations=48 (full 0):
 garbage-first heap   total 293888K, used 282624K [0x0000000080000000, 0x0000000100000000)
  region size 1024K, 72 young (73728K), 11 survivors (11264K)
 Metaspace       used 125341K, committed 127616K, reserved 1179648K
  class space    used 16932K, committed 18048K, reserved 1048576K
}
Event: 17.002 GC heap after
{Heap after GC invocations=49 (full 0):
 garbage-first heap   total 319488K, used 228864K [0x0000000080000000, 0x0000000100000000)
  region size 1024K, 9 young (9216K), 9 survivors (9216K)
 Metaspace       used 125341K, committed 127616K, reserved 1179648K
  class space    used 16932K, committed 18048K, reserved 1048576K
}
Event: 17.153 GC heap before
{Heap before GC invocations=49 (full 0):
 garbage-first heap   total 319488K, used 244224K [0x0000000080000000, 0x0000000100000000)
  region size 1024K, 25 young (25600K), 9 survivors (9216K)
 Metaspace       used 125343K, committed 127616K, reserved 1179648K
  class space    used 16932K, committed 18048K, reserved 1048576K
}
Event: 17.172 GC heap after
{Heap after GC invocations=50 (full 0):
 garbage-first heap   total 319488K, used 236032K [0x0000000080000000, 0x0000000100000000)
  region size 1024K, 6 young (6144K), 6 survivors (6144K)
 Metaspace       used 125343K, committed 127616K, reserved 1179648K
  class space    used 16932K, committed 18048K, reserved 1048576K
}
Event: 17.534 GC heap before
{Heap before GC invocations=51 (full 0):
 garbage-first heap   total 401408K, used 285184K [0x0000000080000000, 0x0000000100000000)
  region size 1024K, 50 young (51200K), 6 survivors (6144K)
 Metaspace       used 125625K, committed 127936K, reserved 1179648K
  class space    used 16978K, committed 18176K, reserved 1048576K
}
Event: 17.580 GC heap after
{Heap after GC invocations=52 (full 0):
 garbage-first heap   total 401408K, used 258560K [0x0000000080000000, 0x0000000100000000)
  region size 1024K, 7 young (7168K), 7 survivors (7168K)
 Metaspace       used 125625K, committed 127936K, reserved 1179648K
  class space    used 16978K, committed 18176K, reserved 1048576K
}
Event: 18.286 GC heap before
{Heap before GC invocations=52 (full 0):
 garbage-first heap   total 401408K, used 328192K [0x0000000080000000, 0x0000000100000000)
  region size 1024K, 76 young (77824K), 7 survivors (7168K)
 Metaspace       used 128687K, committed 131072K, reserved 1179648K
  class space    used 17583K, committed 18816K, reserved 1048576K
}

