# JRE version: OpenJDK Runtime Environment (21.0.6) (build 21.0.6+-13355223-b631.42)
# Java VM: OpenJDK 64-Bit Server VM (21.0.6+-13355223-b631.42, mixed mode, tiered, compressed oops, compressed class ptrs, g1 gc, windows-amd64)
GC Precious Log:
 CardTable entry size: 512
 Card Set container configuration: InlinePtr #cards 5 size 8 Array Of Cards #cards 12 size 40 Howl #buckets 4 coarsen threshold 1843 Howl Bitmap #cards 512 size 80 coarsen threshold 460 Card regions per heap region 1 cards per card region 2048
 CPUs: 4 total, 4 available
 Memory: 7834M
 Large Page Support: Disabled
 NUMA Support: Disabled
 Compressed Oops: Enabled (32-bit)
 Heap Region Size: 1M
 Heap Min Capacity: 8M
 Heap Initial Capacity: 124M
 Heap Max Capacity: 2G
 Pre-touch: Disabled
 Parallel Workers: 4
 Concurrent Workers: 1
 Concurrent Refinement Workers: 4
 Periodic GC: Disabled
Heap:
 garbage-first heap   total 418816K, used 303616K [0x0000000080000000, 0x0000000100000000)
  region size 1024K, 11 young (11264K), 11 survivors (11264K)
 Metaspace       used 130005K, committed 132224K, reserved 1179648K
  class space    used 17704K, committed 18816K, reserved 1048576K
GC Heap History (20 events):
Event: 16.426 GC heap after
{Heap after GC invocations=39 (full 0):
 garbage-first heap   total 188416K, used 115466K [0x0000000080000000, 0x0000000100000000)
  region size 1024K, 5 young (5120K), 5 survivors (5120K)
 Metaspace       used 117017K, committed 119232K, reserved 1179648K
  class space    used 15788K, committed 16896K, reserved 1048576K
}
Event: 16.972 GC heap before
{Heap before GC invocations=39 (full 0):
 garbage-first heap   total 188416K, used 170762K [0x0000000080000000, 0x0000000100000000)
  region size 1024K, 60 young (61440K), 5 survivors (5120K)
 Metaspace       used 117948K, committed 120192K, reserved 1179648K
  class space    used 15929K, committed 17024K, reserved 1048576K
}
Event: 16.984 GC heap after
{Heap after GC invocations=40 (full 0):
 garbage-first heap   total 188416K, used 119692K [0x0000000080000000, 0x0000000100000000)
  region size 1024K, 6 young (6144K), 6 survivors (6144K)
 Metaspace       used 117948K, committed 120192K, reserved 1179648K
  class space    used 15929K, committed 17024K, reserved 1048576K
}
Event: 17.459 GC heap before
{Heap before GC invocations=41 (full 0):
 garbage-first heap   total 201728K, used 169868K [0x0000000080000000, 0x0000000100000000)
  region size 1024K, 55 young (56320K), 6 survivors (6144K)
 Metaspace       used 118615K, committed 120896K, reserved 1179648K
  class space    used 16010K, committed 17152K, reserved 1048576K
}
Event: 17.470 GC heap after
{Heap after GC invocations=42 (full 0):
 garbage-first heap   total 201728K, used 123405K [0x0000000080000000, 0x0000000100000000)
  region size 1024K, 6 young (6144K), 6 survivors (6144K)
 Metaspace       used 118615K, committed 120896K, reserved 1179648K
  class space    used 16010K, committed 17152K, reserved 1048576K
}
Event: 18.123 GC heap before
{Heap before GC invocations=42 (full 0):
 garbage-first heap   total 201728K, used 200205K [0x0000000080000000, 0x0000000100000000)
  region size 1024K, 49 young (50176K), 6 survivors (6144K)
 Metaspace       used 122446K, committed 124736K, reserved 1179648K
  class space    used 16537K, committed 17664K, reserved 1048576K
}
Event: 18.132 GC heap after
{Heap after GC invocations=43 (full 0):
 garbage-first heap   total 260096K, used 162545K [0x0000000080000000, 0x0000000100000000)
  region size 1024K, 8 young (8192K), 8 survivors (8192K)
 Metaspace       used 122446K, committed 124736K, reserved 1179648K
  class space    used 16537K, committed 17664K, reserved 1048576K
}
Event: 18.195 GC heap before
{Heap before GC invocations=43 (full 0):
 garbage-first heap   total 260096K, used 192241K [0x0000000080000000, 0x0000000100000000)
  region size 1024K, 22 young (22528K), 8 survivors (8192K)
 Metaspace       used 123037K, committed 125248K, reserved 1179648K
  class space    used 16624K, committed 17728K, reserved 1048576K
}
Event: 18.202 GC heap after
{Heap after GC invocations=44 (full 0):
 garbage-first heap   total 260096K, used 175157K [0x0000000080000000, 0x0000000100000000)
  region size 1024K, 4 young (4096K), 4 survivors (4096K)
 Metaspace       used 123037K, committed 125248K, reserved 1179648K
  class space    used 16624K, committed 17728K, reserved 1048576K
}
Event: 18.301 GC heap before
{Heap before GC invocations=44 (full 0):
 garbage-first heap   total 260096K, used 258101K [0x0000000080000000, 0x0000000100000000)
  region size 1024K, 20 young (20480K), 4 survivors (4096K)
 Metaspace       used 123203K, committed 125504K, reserved 1179648K
  class space    used 16642K, committed 17792K, reserved 1048576K
}
Event: 18.306 GC heap after
{Heap after GC invocations=45 (full 0):
 garbage-first heap   total 267264K, used 203181K [0x0000000080000000, 0x0000000100000000)
  region size 1024K, 7 young (7168K), 7 survivors (7168K)
 Metaspace       used 123203K, committed 125504K, reserved 1179648K
  class space    used 16642K, committed 17792K, reserved 1048576K
}
Event: 18.937 GC heap before
{Heap before GC invocations=46 (full 0):
 garbage-first heap   total 339968K, used 240045K [0x0000000080000000, 0x0000000100000000)
  region size 1024K, 44 young (45056K), 7 survivors (7168K)
 Metaspace       used 123802K, committed 126016K, reserved 1179648K
  class space    used 16727K, committed 17856K, reserved 1048576K
}
Event: 18.950 GC heap after
{Heap after GC invocations=47 (full 0):
 garbage-first heap   total 339968K, used 212628K [0x0000000080000000, 0x0000000100000000)
  region size 1024K, 6 young (6144K), 6 survivors (6144K)
 Metaspace       used 123802K, committed 126016K, reserved 1179648K
  class space    used 16727K, committed 17856K, reserved 1048576K
}
Event: 19.612 GC heap before
{Heap before GC invocations=47 (full 0):
 garbage-first heap   total 339968K, used 305812K [0x0000000080000000, 0x0000000100000000)
  region size 1024K, 94 young (96256K), 6 survivors (6144K)
 Metaspace       used 125840K, committed 128000K, reserved 1179648K
  class space    used 16961K, committed 18048K, reserved 1048576K
}
Event: 19.673 GC heap after
{Heap after GC invocations=48 (full 0):
 garbage-first heap   total 340992K, used 240587K [0x0000000080000000, 0x0000000100000000)
  region size 1024K, 12 young (12288K), 12 survivors (12288K)
 Metaspace       used 125840K, committed 128000K, reserved 1179648K
  class space    used 16961K, committed 18048K, reserved 1048576K
}
Event: 19.802 GC heap before
{Heap before GC invocations=48 (full 0):
 garbage-first heap   total 340992K, used 256971K [0x0000000080000000, 0x0000000100000000)
  region size 1024K, 30 young (30720K), 12 survivors (12288K)
 Metaspace       used 126015K, committed 128256K, reserved 1179648K
  class space    used 16977K, committed 18112K, reserved 1048576K
}
Event: 19.829 GC heap after
{Heap after GC invocations=49 (full 0):
 garbage-first heap   total 340992K, used 248704K [0x0000000080000000, 0x0000000100000000)
  region size 1024K, 7 young (7168K), 7 survivors (7168K)
 Metaspace       used 126015K, committed 128256K, reserved 1179648K
  class space    used 16977K, committed 18112K, reserved 1048576K
}
Event: 20.508 GC heap before
{Heap before GC invocations=50 (full 0):
 garbage-first heap   total 418816K, used 300928K [0x0000000080000000, 0x0000000100000000)
  region size 1024K, 57 young (58368K), 7 survivors (7168K)
 Metaspace       used 129812K, committed 132032K, reserved 1179648K
  class space    used 17694K, committed 18816K, reserved 1048576K
}
Event: 20.555 GC heap after
{Heap after GC invocations=51 (full 0):
 garbage-first heap   total 418816K, used 263168K [0x0000000080000000, 0x0000000100000000)
  region size 1024K, 8 young (8192K), 8 survivors (8192K)
 Metaspace       used 129812K, committed 132032K, reserved 1179648K
  class space    used 17694K, committed 18816K, reserved 1048576K
}
Event: 21.042 GC heap before
{Heap before GC invocations=51 (full 0):
 garbage-first heap   total 418816K, used 343040K [0x0000000080000000, 0x0000000100000000)
  region size 1024K, 87 young (89088K), 8 survivors (8192K)
 Metaspace       used 130005K, committed 132224K, reserved 1179648K
  class space    used 17704K, committed 18816K, reserved 1048576K
}

