# JRE version: OpenJDK Runtime Environment (21.0.6) (build 21.0.6+-13355223-b631.42)
# Java VM: OpenJDK 64-Bit Server VM (21.0.6+-13355223-b631.42, mixed mode, tiered, compressed oops, compressed class ptrs, g1 gc, windows-amd64)
GC Precious Log:
 CardTable entry size: 512
 Card Set container configuration: InlinePtr #cards 5 size 8 Array Of Cards #cards 12 size 40 Howl #buckets 4 coarsen threshold 1843 Howl Bitmap #cards 512 size 80 coarsen threshold 460 Card regions per heap region 1 cards per card region 2048
 CPUs: 4 total, 4 available
 Memory: 7834M
 Large Page Support: Disabled
 NUMA Support: Disabled
 Compressed Oops: Enabled (32-bit)
 Heap Region Size: 1M
 Heap Min Capacity: 8M
 Heap Initial Capacity: 124M
 Heap Max Capacity: 2G
 Pre-touch: Disabled
 Parallel Workers: 4
 Concurrent Workers: 1
 Concurrent Refinement Workers: 4
 Periodic GC: Disabled
Heap:
 garbage-first heap   total 274432K, used 261752K [0x0000000080000000, 0x0000000100000000)
  region size 1024K, 25 young (25600K), 1 survivors (1024K)
 Metaspace       used 138776K, committed 141056K, reserved 1179648K
  class space    used 18108K, committed 19264K, reserved 1048576K
GC Heap History (20 events):
Event: 24.751 GC heap before
{Heap before GC invocations=42 (full 0):
 garbage-first heap   total 183296K, used 164474K [0x0000000080000000, 0x0000000100000000)
  region size 1024K, 54 young (55296K), 8 survivors (8192K)
 Metaspace       used 123012K, committed 125248K, reserved 1179648K
  class space    used 16296K, committed 17408K, reserved 1048576K
}
Event: 24.763 GC heap after
{Heap after GC invocations=43 (full 0):
 garbage-first heap   total 183296K, used 123447K [0x0000000080000000, 0x0000000100000000)
  region size 1024K, 7 young (7168K), 7 survivors (7168K)
 Metaspace       used 123012K, committed 125248K, reserved 1179648K
  class space    used 16296K, committed 17408K, reserved 1048576K
}
Event: 25.703 GC heap before
{Heap before GC invocations=44 (full 0):
 garbage-first heap   total 208896K, used 162359K [0x0000000080000000, 0x0000000100000000)
  region size 1024K, 46 young (47104K), 7 survivors (7168K)
 Metaspace       used 125137K, committed 127424K, reserved 1179648K
  class space    used 16574K, committed 17728K, reserved 1048576K
}
Event: 25.711 GC heap after
{Heap after GC invocations=45 (full 0):
 garbage-first heap   total 208896K, used 126720K [0x0000000080000000, 0x0000000100000000)
  region size 1024K, 5 young (5120K), 5 survivors (5120K)
 Metaspace       used 125137K, committed 127424K, reserved 1179648K
  class space    used 16574K, committed 17728K, reserved 1048576K
}
Event: 26.932 GC heap before
{Heap before GC invocations=45 (full 0):
 garbage-first heap   total 208896K, used 187136K [0x0000000080000000, 0x0000000100000000)
  region size 1024K, 65 young (66560K), 5 survivors (5120K)
 Metaspace       used 126003K, committed 128256K, reserved 1179648K
  class space    used 16637K, committed 17792K, reserved 1048576K
}
Event: 26.946 GC heap after
{Heap after GC invocations=46 (full 0):
 garbage-first heap   total 208896K, used 135404K [0x0000000080000000, 0x0000000100000000)
  region size 1024K, 9 young (9216K), 9 survivors (9216K)
 Metaspace       used 126003K, committed 128256K, reserved 1179648K
  class space    used 16637K, committed 17792K, reserved 1048576K
}
Event: 27.217 GC heap before
{Heap before GC invocations=46 (full 0):
 garbage-first heap   total 208896K, used 145644K [0x0000000080000000, 0x0000000100000000)
  region size 1024K, 20 young (20480K), 9 survivors (9216K)
 Metaspace       used 126064K, committed 128320K, reserved 1179648K
  class space    used 16642K, committed 17792K, reserved 1048576K
}
Event: 27.227 GC heap after
{Heap after GC invocations=47 (full 0):
 garbage-first heap   total 208896K, used 139450K [0x0000000080000000, 0x0000000100000000)
  region size 1024K, 4 young (4096K), 4 survivors (4096K)
 Metaspace       used 126064K, committed 128320K, reserved 1179648K
  class space    used 16642K, committed 17792K, reserved 1048576K
}
Event: 27.850 GC heap before
{Heap before GC invocations=48 (full 0):
 garbage-first heap   total 245760K, used 194746K [0x0000000080000000, 0x0000000100000000)
  region size 1024K, 52 young (53248K), 4 survivors (4096K)
 Metaspace       used 129283K, committed 131520K, reserved 1179648K
  class space    used 16945K, committed 18048K, reserved 1048576K
}
Event: 27.857 GC heap after
{Heap after GC invocations=49 (full 0):
 garbage-first heap   total 245760K, used 142660K [0x0000000080000000, 0x0000000100000000)
  region size 1024K, 7 young (7168K), 7 survivors (7168K)
 Metaspace       used 129283K, committed 131520K, reserved 1179648K
  class space    used 16945K, committed 18048K, reserved 1048576K
}
Event: 28.712 GC heap before
{Heap before GC invocations=49 (full 0):
 garbage-first heap   total 245760K, used 218436K [0x0000000080000000, 0x0000000100000000)
  region size 1024K, 82 young (83968K), 7 survivors (7168K)
 Metaspace       used 130959K, committed 133248K, reserved 1179648K
  class space    used 17102K, committed 18240K, reserved 1048576K
}
Event: 28.720 GC heap after
{Heap after GC invocations=50 (full 0):
 garbage-first heap   total 245760K, used 136778K [0x0000000080000000, 0x0000000100000000)
  region size 1024K, 3 young (3072K), 3 survivors (3072K)
 Metaspace       used 130959K, committed 133248K, reserved 1179648K
  class space    used 17102K, committed 18240K, reserved 1048576K
}
Event: 29.850 GC heap before
{Heap before GC invocations=50 (full 0):
 garbage-first heap   total 245760K, used 222794K [0x0000000080000000, 0x0000000100000000)
  region size 1024K, 88 young (90112K), 3 survivors (3072K)
 Metaspace       used 133458K, committed 135744K, reserved 1179648K
  class space    used 17402K, committed 18560K, reserved 1048576K
}
Event: 29.859 GC heap after
{Heap after GC invocations=51 (full 0):
 garbage-first heap   total 245760K, used 143266K [0x0000000080000000, 0x0000000100000000)
  region size 1024K, 9 young (9216K), 9 survivors (9216K)
 Metaspace       used 133458K, committed 135744K, reserved 1179648K
  class space    used 17402K, committed 18560K, reserved 1048576K
}
Event: 30.582 GC heap before
{Heap before GC invocations=52 (full 0):
 garbage-first heap   total 247808K, used 239522K [0x0000000080000000, 0x0000000100000000)
  region size 1024K, 86 young (88064K), 9 survivors (9216K)
 Metaspace       used 134647K, committed 137024K, reserved 1179648K
  class space    used 17545K, committed 18752K, reserved 1048576K
}
Event: 30.594 GC heap after
{Heap after GC invocations=53 (full 0):
 garbage-first heap   total 258048K, used 168864K [0x0000000080000000, 0x0000000100000000)
  region size 1024K, 10 young (10240K), 10 survivors (10240K)
 Metaspace       used 134647K, committed 137024K, reserved 1179648K
  class space    used 17545K, committed 18752K, reserved 1048576K
}
Event: 30.915 GC heap before
{Heap before GC invocations=53 (full 0):
 garbage-first heap   total 258048K, used 255904K [0x0000000080000000, 0x0000000100000000)
  region size 1024K, 49 young (50176K), 10 survivors (10240K)
 Metaspace       used 138197K, committed 140480K, reserved 1179648K
  class space    used 18042K, committed 19200K, reserved 1048576K
}
Event: 30.925 GC heap after
{Heap after GC invocations=54 (full 0):
 garbage-first heap   total 274432K, used 192842K [0x0000000080000000, 0x0000000100000000)
  region size 1024K, 6 young (6144K), 6 survivors (6144K)
 Metaspace       used 138197K, committed 140480K, reserved 1179648K
  class space    used 18042K, committed 19200K, reserved 1048576K
}
Event: 30.926 GC heap before
{Heap before GC invocations=54 (full 0):
 garbage-first heap   total 274432K, used 192842K [0x0000000080000000, 0x0000000100000000)
  region size 1024K, 7 young (7168K), 6 survivors (6144K)
 Metaspace       used 138197K, committed 140480K, reserved 1179648K
  class space    used 18042K, committed 19200K, reserved 1048576K
}
Event: 30.928 GC heap after
{Heap after GC invocations=55 (full 0):
 garbage-first heap   total 274432K, used 195192K [0x0000000080000000, 0x0000000100000000)
  region size 1024K, 1 young (1024K), 1 survivors (1024K)
 Metaspace       used 138197K, committed 140480K, reserved 1179648K
  class space    used 18042K, committed 19200K, reserved 1048576K
}

